<?xml version="1.0" encoding="UTF-8"?>
<testsuite name="io.pivotal.fe.demos.TestRestAPICityRepository" tests="3" skipped="0" failures="0" errors="0" timestamp="2016-01-22T11:49:31" hostname="localhost" time="0.427">
  <properties/>
  <testcase name="canFetchBirmingham" classname="io.pivotal.fe.demos.TestRestAPICityRepository" time="0.339"/>
  <testcase name="canFetchCitiesPaged" classname="io.pivotal.fe.demos.TestRestAPICityRepository" time="0.028"/>
  <testcase name="canFetchCities" classname="io.pivotal.fe.demos.TestRestAPICityRepository" time="0.045"/>
  <system-out><![CDATA[2016-01-22 11:49:31.416  INFO 31173 --- [trace=,span=] [    Test worker] o.s.t.c.support.AbstractContextLoader    : Could not detect default resource locations for test class [io.pivotal.fe.demos.TestRestAPICityRepository]: no resource found for suffixes {-context.xml, Context.groovy}.
2016-01-22 11:49:31.418  INFO 31173 --- [trace=,span=] [    Test worker] WebAppIntegrationTestContextBootstrapper : Loaded default TestExecutionListener class names from location [META-INF/spring.factories]: [org.springframework.test.context.web.ServletTestExecutionListener, org.springframework.test.context.support.DirtiesContextBeforeModesTestExecutionListener, org.springframework.test.context.support.DependencyInjectionTestExecutionListener, org.springframework.test.context.support.DirtiesContextTestExecutionListener, org.springframework.test.context.transaction.TransactionalTestExecutionListener, org.springframework.test.context.jdbc.SqlScriptsTestExecutionListener]
2016-01-22 11:49:31.418  INFO 31173 --- [trace=,span=] [    Test worker] WebAppIntegrationTestContextBootstrapper : Using TestExecutionListeners: [org.springframework.test.context.web.ServletTestExecutionListener@38ef1def, org.springframework.test.context.support.DirtiesContextBeforeModesTestExecutionListener@f21209f, org.springframework.test.context.support.DependencyInjectionTestExecutionListener@641b6af8, org.springframework.test.context.support.DirtiesContextTestExecutionListener@de61893, org.springframework.test.context.transaction.TransactionalTestExecutionListener@4da66ca5, org.springframework.test.context.jdbc.SqlScriptsTestExecutionListener@4b858856]
2016-01-22 11:49:31.549  INFO 31173 --- [trace=,span=] [o-auto-1-exec-1] o.a.c.c.C.[Tomcat].[localhost].[/]       : Initializing Spring FrameworkServlet 'dispatcherServlet'
]]></system-out>
  <system-err><![CDATA[]]></system-err>
</testsuite>
